"nirvanaboy3000" -> "alexsniq";
"nirvanaboy3000" -> "alli6589";
"nirvanaboy3000" -> "handyandy223";
"nirvanaboy3000" -> "angelchaotix";
"nirvanaboy3000" -> "liesxlovex3";
"nirvanaboy3000" -> "frogqueen117";
"nirvanaboy3000" -> "cjward17";
"nirvanaboy3000" -> "jalfeb";
"nirvanaboy3000" -> "babyboobear45";
"nirvanaboy3000" -> "xbubblexbabiiex";
"nirvanaboy3000" -> "shoresofheaven33";
"nirvanaboy3000" -> "lilcountryxgirlx";
"nirvanaboy3000" -> "crumbly45";
"nirvanaboy3000" -> "raimi83";
"nirvanaboy3000" -> "swedreday";
"nirvanaboy3000" -> "sk8rdan12";
"nirvanaboy3000" -> "nitroxdragon82";
"nirvanaboy3000" -> "milkshakehead";
"nirvanaboy3000" -> "deadmaninc20015";
"nirvanaboy3000" -> "greenbay418";
"nirvanaboy3000" -> "ruste1313";
"nirvanaboy3000" -> "xtheprophecyx9";
"nirvanaboy3000" -> "etnssn700";
"nirvanaboy3000" -> "jasperdogtwo";
"nirvanaboy3000" -> "corneliajk";
"nirvanaboy3000" -> "jeezer09";
"nirvanaboy3000" -> "jennarocks1to100";
"nirvanaboy3000" -> "sbinnebo";
"nirvanaboy3000" -> "paraphraserj";
"nirvanaboy3000" -> "j5ais";
"nirvanaboy3000" -> "rcgcfn";
"nirvanaboy3000" -> "sweendawg0159";
"nirvanaboy3000" -> "snoopaloop0u812";
"nirvanaboy3000" -> "kraziiblinkgiirl";
"nirvanaboy3000" -> "kseal05446";
"nirvanaboy3000" -> "blablahblonde";
"nirvanaboy3000" -> "sublimaria";
"nirvanaboy3000" -> "mbrigs10";
"nirvanaboy3000" -> "nirvanadaze";
"nirvanaboy3000" -> "nirvanaboy3000";
"nirvanaboy3000" -> "maderamia";
"nirvanaboy3000" -> "mollypeps03";
"nirvanaboy3000" -> "mollypeps33";
"nirvanaboy3000" -> "nicolej2003";
"nirvanaboy3000" -> "nicolejeanl";
"nirvanaboy3000" -> "sadxregret";
"nirvanaboy3000" -> "leogirl136";
"nirvanaboy3000" -> "rubberducky1343";
"nirvanaboy3000" -> "felixblacke";
"nirvanaboy3000" -> "samanthalee7891";
"nirvanaboy3000" -> "srhbet7305";
"nirvanaboy3000" -> "sarahlb818";
"nirvanaboy3000" -> "sarahb7305";
"nirvanaboy3000" -> "teethsandeye2782";
"nirvanaboy3000" -> "skittlet4lyf";
"nirvanaboy3000" -> "spriteaddict2652";
"nirvanaboy3000" -> "pickleleo05";
"nirvanaboy3000" -> "raccoonbrother";
"nirvanaboy3000" -> "xprimaxpistolx";
"nirvanaboy3000" -> "hortont424";
