"sbinnebo" -> "xxdrumsx4lifexx";
"sbinnebo" -> "livelaughlovex6";
"sbinnebo" -> "crywolf";
"sbinnebo" -> "imurvenus77";
"sbinnebo" -> "hrbaker13";
"sbinnebo" -> "slave 4 u2810";
"sbinnebo" -> "blondiegirl12210";
"sbinnebo" -> "iwishhelov3dm3";
"sbinnebo" -> "crazylove445";
"sbinnebo" -> "soccerstar60652";
"sbinnebo" -> "cbsoccerchick18";
"sbinnebo" -> "chompinghippoyo";
"sbinnebo" -> "train xwreckedx";
"sbinnebo" -> "paraphraserj";
"sbinnebo" -> "austin powers";
"sbinnebo" -> "nirvanaboy3000";
"sbinnebo" -> "brtnrider73";
"sbinnebo" -> "groovyskog";
"sbinnebo" -> "theblondeone121";
"sbinnebo" -> "jojobi0tch951";
"sbinnebo" -> "x3younicollide69";
"sbinnebo" -> "onfiya003";
"sbinnebo" -> "w1sh3sd0c0m3tru3";
"sbinnebo" -> "south3rnh3art09";
"sbinnebo" -> "jeffy4224";
"sbinnebo" -> "xxloveit22xx";
"sbinnebo" -> "burtonsno282";
"sbinnebo" -> "burtonboards1112";
"sbinnebo" -> "th3 clinch3r";
"sbinnebo" -> "cowchik1234";
"sbinnebo" -> "brtnrider734";
"sbinnebo" -> "maddforjoel27";
"sbinnebo" -> "jewsacrosamerica";
"sbinnebo" -> "mad for benji";
"sbinnebo" -> "racermx282";
"sbinnebo" -> "miss you wish x3";
"sbinnebo" -> "ghettobbooti1006";
"sbinnebo" -> "gould0101";
"sbinnebo" -> "xxiloveyouxx369";
"sbinnebo" -> "xxxblondie107xxx";
"sbinnebo" -> "schmidty748";
"sbinnebo" -> "larry5519";
"sbinnebo" -> "gussie77k";
"sbinnebo" -> "phattiegurl32";
"sbinnebo" -> "barbiegirlx93";
"sbinnebo" -> "lickminecolton23";
"sbinnebo" -> "greendayluvr369";
"sbinnebo" -> "spazmrocker22";
"sbinnebo" -> "guitargirl2226";
"sbinnebo" -> "likemeforme4";
"sbinnebo" -> "kkangel780 ";
"sbinnebo" -> "caucasionfolife";
"sbinnebo" -> "ggw allnight";
"sbinnebo" -> "sh3nk3r420";
"sbinnebo" -> "metalic jester9";
"sbinnebo" -> "limeyclear145";
"sbinnebo" -> "guitarbabeh";
"sbinnebo" -> "orangebeawtch77";
"sbinnebo" -> "punkchic123123";
"sbinnebo" -> "punkrockskater82";
"sbinnebo" -> "twitchbeaster775";
