"teethsandeye2782" -> "allfallsdown";
"teethsandeye2782" -> "badgirl4life911";
"teethsandeye2782" -> "blablahblonde";
"teethsandeye2782" -> "bluespankys";
"teethsandeye2782" -> "bo0ska 514";
"teethsandeye2782" -> "boycrazy05455";
"teethsandeye2782" -> "bruinsgrl04";
"teethsandeye2782" -> "can u hear me x3";
"teethsandeye2782" -> "casemt1329";
"teethsandeye2782" -> "chvytrcks990";
"teethsandeye2782" -> "castxme not away";
"teethsandeye2782" -> "corneliajk";
"teethsandeye2782" -> "cutiwitdabooti8";
"teethsandeye2782" -> "daricake181";
"teethsandeye2782" -> "footballgirl2299";
"teethsandeye2782" -> "dclvr2292";
"teethsandeye2782" -> "deadmaninc20014";
"teethsandeye2782" -> "blackbuterfly451";
"teethsandeye2782" -> "deadmaninc20015";
"teethsandeye2782" -> "frogqueen117";
"teethsandeye2782" -> "goingx33xcrazy";
"teethsandeye2782" -> "iceblues55";
"teethsandeye2782" -> "ilitdoasmcmn";
"teethsandeye2782" -> "imablonde6319";
"teethsandeye2782" -> "it wont fadeaway";
"teethsandeye2782" -> "karua karua";
"teethsandeye2782" -> "koozysandboozys";
"teethsandeye2782" -> "kraziiblinkgiirl";
"teethsandeye2782" -> "l3eckah xl3";
"teethsandeye2782" -> "laurajbug";
"teethsandeye2782" -> "lies x love x3";
"teethsandeye2782" -> "lil x0x beckah";
"teethsandeye2782" -> "mbrigs10";
"teethsandeye2782" -> "monie1990";
"teethsandeye2782" -> "murdainc80379";
"teethsandeye2782" -> "mvp992002";
"teethsandeye2782" -> "ncontraband";
"teethsandeye2782" -> "nirvanaboy3000";
"teethsandeye2782" -> "nirvanaboy4000";
"teethsandeye2782" -> "obeyurthirst14";
"teethsandeye2782" -> "overated22";
"teethsandeye2782" -> "postagestamp2292";
"teethsandeye2782" -> "raimi83";
"teethsandeye2782" -> "rjson52";
"teethsandeye2782" -> "sad x regret";
"teethsandeye2782" -> "scottshottie23";
"teethsandeye2782" -> "shadet324";
"teethsandeye2782" -> "singittom";
"teethsandeye2782" -> "skitzo4life69";
"teethsandeye2782" -> "sk8rgrrl13304";
"teethsandeye2782" -> "slipknotgroupy14";
"teethsandeye2782" -> "sockinthewater";
"teethsandeye2782" -> "softballuvr1213";
"teethsandeye2782" -> "spanisheyes1569";
"teethsandeye2782" -> "sweetascandiixo5";
"teethsandeye2782" -> "tellmybuddy";
"teethsandeye2782" -> "thecanwon";
"teethsandeye2782" -> "turtlesmoker813";
"teethsandeye2782" -> "usmelloldhaha";
"teethsandeye2782" -> "waiting4goodbye";
"teethsandeye2782" -> "weezee1316";
"teethsandeye2782" -> "x 0 a l 0 n 3 x";
"teethsandeye2782" -> "x take me o away";
"teethsandeye2782" -> "aeroteccutie1313";
"teethsandeye2782" -> "a f o s t e r5fh";
"teethsandeye2782" -> "babi 23 gurl";
"teethsandeye2782" -> "bentley010101";
"teethsandeye2782" -> "cocaneverender";
"teethsandeye2782" -> "delosat";
"teethsandeye2782" -> "emoarcher13";
"teethsandeye2782" -> "fcectr";
"teethsandeye2782" -> "greenbay418";
"teethsandeye2782" -> "sbinnebo";
"teethsandeye2782" -> "guitarpnk16";
"teethsandeye2782" -> "kalgiirl14";
"teethsandeye2782" -> "luckynumber98848";
"teethsandeye2782" -> "mynmzbentley289";
"teethsandeye2782" -> "light2dark2";
"teethsandeye2782" -> "pxhxuxcxk";
"teethsandeye2782" -> "rcgcfn";
"teethsandeye2782" -> "sarahb7305";
"teethsandeye2782" -> "shevy 2007";
"teethsandeye2782" -> "snoopaloop0u812";
"teethsandeye2782" -> "sweendawg0159";
"teethsandeye2782" -> "thegreatallibaba";
"teethsandeye2782" -> "tomatojuice91";
"teethsandeye2782" -> "uhrinalkake22";
"teethsandeye2782" -> "wagnerrehab";
"teethsandeye2782" -> "uh x d0rk o able";
"teethsandeye2782" -> "addy 030";
"teethsandeye2782" -> "algirel";
"teethsandeye2782" -> "anewt933";
"teethsandeye2782" -> "angiepat1012";
"teethsandeye2782" -> "arodgoldglovemvp";
"teethsandeye2782" -> "bebejess123";
"teethsandeye2782" -> "bighitin1";
"teethsandeye2782" -> "bjohnny2389";
"teethsandeye2782" -> "burnsy0202";
"teethsandeye2782" -> "carey7283";
"teethsandeye2782" -> "chamby0007";
"teethsandeye2782" -> "chelzie2013";
"teethsandeye2782" -> "cormy 6 3 0";
"teethsandeye2782" -> "crumbly45";
"teethsandeye2782" -> "dimes1117";
"teethsandeye2782" -> "dufresbabe07";
"teethsandeye2782" -> "dusty2516";
"teethsandeye2782" -> "d v s k a t er45";
"teethsandeye2782" -> "etnssn700";
"teethsandeye2782" -> "extra jam please";
"teethsandeye2782" -> "felixblacke";
"teethsandeye2782" -> "focker12c";
"teethsandeye2782" -> "gael n waffle";
"teethsandeye2782" -> "geminialpha3";
"teethsandeye2782" -> "gutrboy86";
"teethsandeye2782" -> "hanabana201";
"teethsandeye2782" -> "handyandy223";
"teethsandeye2782" -> "hanpups11";
"teethsandeye2782" -> "harobmxer1013";
"teethsandeye2782" -> "hockey17jt";
"teethsandeye2782" -> "hockeyguy3034";
"teethsandeye2782" -> "hockeyk10";
"teethsandeye2782" -> "hoopskjc3";
"teethsandeye2782" -> "imanerdle800";
"teethsandeye2782" -> "jarvygrl727";
"teethsandeye2782" -> "jbrunie10";
"teethsandeye2782" -> "jhawk2322";
"teethsandeye2782" -> "jonnyt273";
"teethsandeye2782" -> "jruggs105410";
"teethsandeye2782" -> "katerz652";
"teethsandeye2782" -> "katerz678";
"teethsandeye2782" -> "kazuomatsui25";
"teethsandeye2782" -> "kpaskevich311";
"teethsandeye2782" -> "laurbabi893";
"teethsandeye2782" -> "lilginsbo3";
"teethsandeye2782" -> "lexie2346";
"teethsandeye2782" -> "lindz6850";
"teethsandeye2782" -> "luiela07";
"teethsandeye2782" -> "marxyboy999";
"teethsandeye2782" -> "mollypeps03";
"teethsandeye2782" -> "mollypeps33";
"teethsandeye2782" -> "naani242";
"teethsandeye2782" -> "neuspeed540";
"teethsandeye2782" -> "nichole2626";
"teethsandeye2782" -> "nikkifitzsb";
"teethsandeye2782" -> "nspgg23";
"teethsandeye2782" -> "pyrobassist666";
"teethsandeye2782" -> "samanthalee7891";
"teethsandeye2782" -> "quackert";
"teethsandeye2782" -> "quickskate112200";
"teethsandeye2782" -> "rachelita457";
"teethsandeye2782" -> "rebecca8889";
"teethsandeye2782" -> "reusch181";
"teethsandeye2782" -> "roadbug99";
"teethsandeye2782" -> "sarbabi0707";
"teethsandeye2782" -> "shinnysparkles12";
"teethsandeye2782" -> "sportfanaticdj89";
"teethsandeye2782" -> "snwbrdr7869";
"teethsandeye2782" -> "streetballernc";
"teethsandeye2782" -> "sweetyp0716";
"teethsandeye2782" -> "taylor20twellman";
"teethsandeye2782" -> "temp271";
"teethsandeye2782" -> "timeisntimeatall";
"teethsandeye2782" -> "vikkibaby007";
"teethsandeye2782" -> "whitney2316";
"teethsandeye2782" -> "xfoenixxignition";
